[2025-12-19 10:53:36] local.INFO: RECEIVED FEES IPN DATA: {"all_data":{"school_code":"S20251","school_name":"AFRIGOTECH","control_number":"99668953941975","student_id":"63","student_name":"Eadmund Sturges","amount_required":750000.0,"amount_paid":210000.0,"balance":540000.0,"payment_status":"PARTIAL"}} 
[2025-12-19 10:53:36] local.INFO: Payment data saved on the new Switched Database: shulekiganjani_saas8_afrigotech  
[2025-12-19 10:54:23] local.INFO: RECEIVED FEES IPN DATA: {"all_data":{"school_code":"S20251","school_name":"AFRIGOTECH","control_number":"99668953941975","student_id":"63","student_name":"Eadmund Sturges","amount_required":750000.0,"amount_paid":560000.0,"balance":190000.0,"payment_status":"PARTIAL"}} 
[2025-12-19 10:54:23] local.INFO: Payment data saved on the new Switched Database: shulekiganjani_saas8_afrigotech  
[2025-12-19 11:07:27] local.INFO: RECEIVED FEES IPN DATA: {"all_data":{"school_code":"S20251","school_name":"AFRIGOTECH","control_number":"99668263672249","student_id":"29","student_name":"ARONI JOSHUA LEONARD","amount_required":1500000.0,"amount_paid":150000.0,"balance":1350000.0,"payment_status":"PARTIAL"}} 
[2025-12-19 11:07:27] local.INFO: Payment data saved on the new Switched Database: shulekiganjani_saas8_afrigotech  
[2025-12-19 14:28:03] local.INFO: Switched to database: shulekiganjani_saas8_afrigotech  
[2025-12-19 14:28:03] local.INFO: User authenticated successfully. {"email":"athanaslink@gmail.com"} 
[2025-12-19 14:29:27] local.INFO: Sending data to control number generation API {"amount":"375000","student_id":"57","student_name":"Gerrie Radclyffe","fees_id":"2","order_id":"ORD-1766143767-57","school_code":"S20251"} 
[2025-12-19 14:29:31] local.ERROR: Payment gateway API call failed: cURL error 7: Failed to connect to 127.0.0.1 port 8002 after 2036 ms: Couldn't connect to server (see https://curl.haxx.se/libcurl/c/libcurl-errors.html) for http://127.0.0.1:8002/api/payments/control-numbers/  
[2025-12-19 14:35:00] local.ERROR: Maximum execution time of 30 seconds exceeded {"userId":9,"exception":"[object] (Symfony\\Component\\ErrorHandler\\Error\\FatalError(code: 0): Maximum execution time of 30 seconds exceeded at D:\\AFRIGOTECH\\SHULE ORIGINAL\\shule_kiganjani_latest\\vendor\\dompdf\\dompdf\\src\\Helpers.php:915)
[stacktrace]
#0 {main}
"} 
[2025-12-19 14:35:00] local.INFO: Sending data to control number generation API {"amount":"750000","student_id":"63","student_name":"Eadmund Sturges","fees_id":"2","order_id":"ORD-1766144100-63","school_code":"S20251"} 
[2025-12-19 14:35:06] local.INFO: Control number generated successfully {"payment_id":31,"control_number":"99626512566587","student_id":"63"} 
[2025-12-19 14:35:06] local.INFO: Sending data to control number generation API {"amount":"375000","student_id":"57","student_name":"Gerrie Radclyffe","fees_id":"2","order_id":"ORD-1766144106-57","school_code":"S20251"} 
[2025-12-19 14:35:11] local.INFO: Control number generated successfully {"payment_id":32,"control_number":"99626211831786","student_id":"57"} 
[2025-12-19 14:35:25] local.INFO: Sending data to control number generation API {"amount":"750000","student_id":"63","student_name":"Eadmund Sturges","fees_id":"2","order_id":"ORD-1766144125-63","school_code":"S20251"} 
[2025-12-19 14:35:30] local.INFO: Control number generated successfully {"payment_id":33,"control_number":"99626617230116","student_id":"63"} 
[2025-12-19 14:35:33] local.ERROR: Control number generation failed: The amount field is required.  
[2025-12-19 14:35:37] local.INFO: RECEIVED FEES IPN DATA: {"all_data":{"id":38,"balance":750000,"school_code":"S20251","control_number":"99626512566587","order_id":null,"student_id":"63","student_name":"Eadmund Sturges","amount_required":"750000.00","amount_paid":"0.00","add_amount":"0.00","status":"PENDING","created_at":"2025-12-19T11:35:00.871011Z","school":1}} 
[2025-12-19 14:35:37] local.INFO: Payment data saved on the new Switched Database: shulekiganjani_saas8_afrigotech  
[2025-12-19 14:35:38] local.INFO: RECEIVED FEES IPN DATA: {"all_data":{"id":39,"balance":375000,"school_code":"S20251","control_number":"99626211831786","order_id":null,"student_id":"57","student_name":"Gerrie Radclyffe","amount_required":"375000.00","amount_paid":"0.00","add_amount":"0.00","status":"PENDING","created_at":"2025-12-19T11:35:06.745940Z","school":1}} 
[2025-12-19 14:35:38] local.INFO: Payment data saved on the new Switched Database: shulekiganjani_saas8_afrigotech  
[2025-12-19 14:37:49] local.ERROR: Maximum execution time of 30 seconds exceeded {"userId":9,"exception":"[object] (Symfony\\Component\\ErrorHandler\\Error\\FatalError(code: 0): Maximum execution time of 30 seconds exceeded at D:\\AFRIGOTECH\\SHULE ORIGINAL\\shule_kiganjani_latest\\vendor\\dompdf\\dompdf\\src\\Helpers.php:915)
[stacktrace]
#0 {main}
"} 
[2025-12-19 14:37:49] local.INFO: RECEIVED FEES IPN DATA: {"all_data":{"id":40,"balance":750000,"school_code":"S20251","control_number":"99626617230116","order_id":null,"student_id":"63","student_name":"Eadmund Sturges","amount_required":"750000.00","amount_paid":"0.00","add_amount":"0.00","status":"PENDING","created_at":"2025-12-19T11:35:25.264912Z","school":1}} 
[2025-12-19 14:37:49] local.INFO: Payment data saved on the new Switched Database: shulekiganjani_saas8_afrigotech  
[2025-12-19 14:39:18] local.ERROR: Maximum execution time of 30 seconds exceeded {"userId":9,"exception":"[object] (Symfony\\Component\\ErrorHandler\\Error\\FatalError(code: 0): Maximum execution time of 30 seconds exceeded at D:\\AFRIGOTECH\\SHULE ORIGINAL\\shule_kiganjani_latest\\vendor\\dompdf\\dompdf\\src\\Helpers.php:578)
[stacktrace]
#0 {main}
"} 
[2025-12-19 14:43:47] local.INFO: Sending data to control number generation API {"amount":"375000","student_id":"57","student_name":"Gerrie Radclyffe","fees_id":"2","order_id":"ORD-1766144627-57","school_code":"S20251"} 
[2025-12-19 14:43:52] local.INFO: Control number generated successfully {"payment_id":34,"control_number":"99626815931703","student_id":"57"} 
[2025-12-19 14:43:52] local.INFO: RECEIVED FEES IPN DATA: {"all_data":{"id":41,"balance":375000,"school_code":"S20251","control_number":"99626815931703","order_id":null,"student_id":"57","student_name":"Gerrie Radclyffe","amount_required":"375000.00","amount_paid":"0.00","add_amount":"0.00","status":"PENDING","created_at":"2025-12-19T11:43:47.352046Z","school":1}} 
[2025-12-19 14:43:52] local.INFO: Payment data saved on the new Switched Database: shulekiganjani_saas8_afrigotech  
[2025-12-19 14:45:05] local.INFO: Sending data to control number generation API {"amount":"750000","student_id":"63","student_name":"Eadmund Sturges","fees_id":"2","order_id":"ORD-1766144705-63","school_code":"S20251"} 
[2025-12-19 14:45:10] local.INFO: Control number generated successfully {"payment_id":35,"control_number":"99626925159717","student_id":"63"} 
[2025-12-19 14:45:10] local.INFO: RECEIVED FEES IPN DATA: {"all_data":{"id":42,"balance":750000,"school_code":"S20251","control_number":"99626925159717","order_id":null,"student_id":"63","student_name":"Eadmund Sturges","amount_required":"750000.00","amount_paid":"0.00","add_amount":"0.00","status":"PENDING","created_at":"2025-12-19T11:45:05.065729Z","school":1}} 
[2025-12-19 14:45:10] local.INFO: Payment data saved on the new Switched Database: shulekiganjani_saas8_afrigotech  
[2025-12-19 16:03:03] local.INFO: Sending data to control number generation API {"amount":"375000","student_id":"57","student_name":"Gerrie Radclyffe","fees_id":"2","order_id":"ORD-1766149383-57","school_code":"S20251"} 
[2025-12-19 16:03:08] local.INFO: Control number generated successfully {"payment_id":36,"control_number":"99652608325992","student_id":"57"} 
[2025-12-19 16:03:09] local.INFO: RECEIVED FEES IPN DATA: {"all_data":{"id":43,"balance":375000,"school_code":"S20251","control_number":"99652608325992","order_id":null,"student_id":"57","student_name":"Gerrie Radclyffe","amount_required":"375000.00","amount_paid":"0.00","add_amount":"0.00","status":"PENDING","created_at":"2025-12-19T13:03:03.647353Z","school":1}} 
[2025-12-19 16:03:09] local.INFO: Payment data saved on the new Switched Database: shulekiganjani_saas8_afrigotech  
[2025-12-19 22:21:04] local.INFO: Switched to database: shulekiganjani_saas8_afrigotech  
[2025-12-19 22:21:04] local.INFO: User authenticated successfully. {"email":"athanaslink@gmail.com"} 
[2025-12-20 07:38:10] local.INFO: Switched to database: shulekiganjani_saas8_afrigotech  
[2025-12-20 07:38:10] local.INFO: User authenticated successfully. {"email":"athanaslink@gmail.com"} 
[2025-12-20 07:45:26] local.INFO: Sending data to control number generation API {"amount":"1500000","student_id":"51","student_name":"Padget Mellsop","fees_id":"2","order_id":"ORD-1766205926-51","school_code":"S20251"} 
[2025-12-20 07:45:31] local.INFO: Control number generated successfully {"payment_id":37,"control_number":"99652742736892","student_id":"51"} 
[2025-12-20 07:45:31] local.INFO: RECEIVED FEES IPN DATA: {"all_data":{"id":44,"balance":1500000,"school_code":"S20251","control_number":"99652742736892","order_id":null,"student_id":"51","student_name":"Padget Mellsop","amount_required":"1500000.00","amount_paid":"0.00","add_amount":"0.00","status":"PENDING","created_at":"2025-12-20T04:45:26.276630Z","school":1}} 
[2025-12-20 07:45:31] local.INFO: Payment data saved on the new Switched Database: shulekiganjani_saas8_afrigotech  
